[0mPOST /auths/signup [33m404[0m 2.150 ms - 152[0m
[0mPOST //api/v1/auths/signup [33m404[0m 0.704 ms - 160[0m
[0mPOST /api/v1/auths/forgot-password [32m200[0m 645.080 ms - 48[0m
[0mPOST /api/v1/auths/forgot-password [32m200[0m 256.372 ms - 2[0m
[0mPOST /api/v1/auths/forgot-password [32m200[0m 387.933 ms - 2[0m
[0mPOST /api/v1/auths/forgot-password [32m200[0m 782.382 ms - 2[0m
[0mPOST /api/v1/auths/forgot-password [32m200[0m 433.728 ms - 212[0m
[0mPATCH /api/v1/auths/reset-password/954ded52b7f190bd9d6e9fc0b92446f14d4e5a124f72e06be10e8c2b3f9d373e [32m200[0m 153.996 ms - 53[0m
[0mPATCH /api/v1/auths/reset-password/954ded52b7f190bd9d6e9fc0b92446f14d4e5a124f72e06be10e8c2b3f9d373e [32m200[0m 149.285 ms - -[0m
[0mPATCH /api/v1/auths/reset-password/954ded52b7f190bd9d6e9fc0b92446f14d4e5a124f72e06be10e8c2b3f9d373e [32m200[0m 707.225 ms - 58[0m
[0mPATCH /api/v1/auths/reset-password/954ded52b7f190bd9d6e9fc0b92446f14d4e5a124f72e06be10e8c2b3f9d373e [32m200[0m 517.885 ms - 58[0m
[0mPOST /api/v1/auths/forgot-password [32m200[0m 381.535 ms - 212[0m
[0mPATCH /api/v1/auths/reset-password/5beb5b8edbde7aa2696183a37befb541151577268d4f9e370b5bc8a5c76d2b97 [32m200[0m 669.780 ms - 58[0m
[0mPATCH /api/v1/auths/reset-password/5beb5b8edbde7aa2696183a37befb541151577268d4f9e370b5bc8a5c76d2b97 [32m200[0m 149.785 ms - 53[0m
[0mPOST /api/v1/auths/forgot-password [32m200[0m 873.001 ms - 212[0m
[0mGET /api/v1/users/63879f1551e729cdd3de6540 [32m200[0m 334.128 ms - 170[0m
[0mGET /api/v1/users [33m401[0m 196.417 ms - 75[0m
[0mPOST /api/v1/auths/signup [32m201[0m 462.710 ms - 493[0m
[0mPOST /api/v1/auths/signup [32m201[0m 354.104 ms - 445[0m
[0mPOST /api/v1/auths/signup [32m201[0m 378.474 ms - 445[0m
[0mPOST /api/v1/auths/signup [32m201[0m 467.740 ms - 472[0m
